<?xml version="1.0" encoding="UTF-8"?>
<!-- Generated by org.testng.reporters.JUnitXMLReporter -->
<testsuite hostname="Admin-PC" name="Test" tests="4" failures="0" timestamp="18 Sep 2018 14:46:24 GMT" time="0.118" errors="0">
  <testcase name="createUser" time="0.011" classname="dP.DemoD"/>
  <testcase name="deleteUser" time="0.008" classname="dP.DemoD"/>
  <testcase name="createProduct" time="0.006" classname="dP.DemoD"/>
  <testcase name="deleteProduct" time="0.003" classname="dP.DemoD"/>
</testsuite> <!-- Test -->
